<?xml version="1.0" encoding="UTF-8"?>
<testsuite xmlns:xsi="http://www.w3.org/2001/XMLSchema-instance" xsi:noNamespaceSchemaLocation="https://maven.apache.org/surefire/maven-surefire-plugin/xsd/surefire-test-report-3.0.xsd" version="3.0" name="com.jwtexample.JwtToken.JwtTokenApplicationTests" time="12.839" tests="1" errors="0" skipped="0" failures="0">
  <properties>
[...]
</properties>
  <testcase name="contextLoads" classname="com.jwtexample.JwtToken.JwtTokenApplicationTests" time="2.196">
    <system-out><![CDATA[16:38:28.649 [main] INFO org.springframework.test.context.support.AnnotationConfigContextLoaderUtils -- Could not detect default configuration classes for test class [com.jwtexample.JwtToken.JwtTokenApplicationTests]: JwtTokenApplicationTests does not declare any static, non-private, non-final, nested classes annotated with @Configuration.
16:38:29.088 [main] INFO org.springframework.boot.test.context.SpringBootTestContextBootstrapper -- Found @SpringBootConfiguration com.jwtexample.JwtToken.JwtTokenApplication for test class com.jwtexample.JwtToken.JwtTokenApplicationTests
16:38:29.650 [main] INFO org.springframework.boot.devtools.restart.RestartApplicationListener -- Restart disabled due to context in which it is running

  .   ____          _            __ _ _
 /\\ / ___'_ __ _ _(_)_ __  __ _ \ \ \ \
( ( )\___ | '_ | '_| | '_ \/ _` | \ \ \ \
 \\/  ___)| |_)| | | | | || (_| |  ) ) ) )
  '  |____| .__|_| |_|_| |_\__, | / / / /
 =========|_|==============|___/=/_/_/_/
 :: Spring Boot ::                (v3.1.5)

2024-04-16T16:38:30.850+05:30  INFO 13976 --- [           main] c.j.JwtToken.JwtTokenApplicationTests    : Starting JwtTokenApplicationTests using Java 19.0.2 with PID 13976 (started by Mukul in E:\hotel microservices\JwtToken)
2024-04-16T16:38:30.862+05:30  INFO 13976 --- [           main] c.j.JwtToken.JwtTokenApplicationTests    : No active profile set, falling back to 1 default profile: "default"
2024-04-16T16:38:33.507+05:30  INFO 13976 --- [           main] .s.d.r.c.RepositoryConfigurationDelegate : Bootstrapping Spring Data MongoDB repositories in DEFAULT mode.
2024-04-16T16:38:33.671+05:30  INFO 13976 --- [           main] .s.d.r.c.RepositoryConfigurationDelegate : Finished Spring Data repository scanning in 149 ms. Found 3 MongoDB repository interfaces.
2024-04-16T16:38:35.075+05:30  INFO 13976 --- [ian.mongodb.net] org.mongodb.driver.cluster               : Adding discovered server ac-uzyody0-shard-00-01.gds4ian.mongodb.net:27017 to client view of cluster
2024-04-16T16:38:35.089+05:30  INFO 13976 --- [           main] org.mongodb.driver.client                : MongoClient with metadata {"driver": {"name": "mongo-java-driver|sync|spring-boot", "version": "4.9.1"}, "os": {"type": "Windows", "name": "Windows 10", "architecture": "amd64", "version": "10.0"}, "platform": "Java/Oracle Corporation/19.0.2+7-44"} created with settings MongoClientSettings{readPreference=primary, writeConcern=WriteConcern{w=majority, wTimeout=null ms, journal=null}, retryWrites=true, retryReads=true, readConcern=ReadConcern{level=null}, credential=MongoCredential{mechanism=null, userName='mkpalariya', source='admin', password=<hidden>, mechanismProperties=<hidden>}, streamFactoryFactory=null, commandListeners=[], codecRegistry=ProvidersCodecRegistry{codecProviders=[ValueCodecProvider{}, BsonValueCodecProvider{}, DBRefCodecProvider{}, DBObjectCodecProvider{}, DocumentCodecProvider{}, CollectionCodecProvider{}, IterableCodecProvider{}, MapCodecProvider{}, GeoJsonCodecProvider{}, GridFSFileCodecProvider{}, Jsr310CodecProvider{}, JsonObjectCodecProvider{}, BsonCodecProvider{}, EnumCodecProvider{}, com.mongodb.client.model.mql.ExpressionCodecProvider@3e377967, com.mongodb.Jep395RecordCodecProvider@4dadd690]}, loggerSettings=LoggerSettings{maxDocumentLength=1000}, clusterSettings={hosts=[127.0.0.1:27017], srvHost=cluster0.gds4ian.mongodb.net, srvServiceName=mongodb, mode=MULTIPLE, requiredClusterType=REPLICA_SET, requiredReplicaSetName='atlas-xucqeh-shard-0', serverSelector='null', clusterListeners='[]', serverSelectionTimeout='30000 ms', localThreshold='30000 ms'}, socketSettings=SocketSettings{connectTimeoutMS=10000, readTimeoutMS=0, receiveBufferSize=0, sendBufferSize=0}, heartbeatSocketSettings=SocketSettings{connectTimeoutMS=10000, readTimeoutMS=10000, receiveBufferSize=0, sendBufferSize=0}, connectionPoolSettings=ConnectionPoolSettings{maxSize=100, minSize=0, maxWaitTimeMS=120000, maxConnectionLifeTimeMS=0, maxConnectionIdleTimeMS=0, maintenanceInitialDelayMS=0, maintenanceFrequencyMS=60000, connectionPoolListeners=[], maxConnecting=2}, serverSettings=ServerSettings{heartbeatFrequencyMS=10000, minHeartbeatFrequencyMS=500, serverListeners='[]', serverMonitorListeners='[]'}, sslSettings=SslSettings{enabled=true, invalidHostNameAllowed=false, context=null}, applicationName='null', compressorList=[], uuidRepresentation=JAVA_LEGACY, serverApi=null, autoEncryptionSettings=null, contextProvider=null}
2024-04-16T16:38:35.146+05:30  INFO 13976 --- [ian.mongodb.net] org.mongodb.driver.cluster               : Adding discovered server ac-uzyody0-shard-00-00.gds4ian.mongodb.net:27017 to client view of cluster
2024-04-16T16:38:35.148+05:30  INFO 13976 --- [ian.mongodb.net] org.mongodb.driver.cluster               : Adding discovered server ac-uzyody0-shard-00-02.gds4ian.mongodb.net:27017 to client view of cluster
2024-04-16T16:38:37.073+05:30  INFO 13976 --- [ngodb.net:27017] org.mongodb.driver.cluster               : Monitor thread successfully connected to server with description ServerDescription{address=ac-uzyody0-shard-00-01.gds4ian.mongodb.net:27017, type=REPLICA_SET_SECONDARY, state=CONNECTED, ok=true, minWireVersion=0, maxWireVersion=21, maxDocumentSize=16777216, logicalSessionTimeoutMinutes=30, roundTripTimeNanos=1056221300, setName='atlas-xucqeh-shard-0', canonicalAddress=ac-uzyody0-shard-00-01.gds4ian.mongodb.net:27017, hosts=[ac-uzyody0-shard-00-00.gds4ian.mongodb.net:27017, ac-uzyody0-shard-00-01.gds4ian.mongodb.net:27017, ac-uzyody0-shard-00-02.gds4ian.mongodb.net:27017], passives=[], arbiters=[], primary='ac-uzyody0-shard-00-02.gds4ian.mongodb.net:27017', tagSet=TagSet{[Tag{name='availabilityZone', value='use1-az4'}, Tag{name='diskState', value='READY'}, Tag{name='nodeType', value='ELECTABLE'}, Tag{name='provider', value='AWS'}, Tag{name='region', value='US_EAST_1'}, Tag{name='workloadType', value='OPERATIONAL'}]}, electionId=null, setVersion=13, topologyVersion=TopologyVersion{processId=661e1ae04e08bfd60b63e78f, counter=4}, lastWriteDate=Tue Apr 16 16:38:36 IST 2024, lastUpdateTimeNanos=146901654094000}
2024-04-16T16:38:37.074+05:30  INFO 13976 --- [ngodb.net:27017] org.mongodb.driver.cluster               : Monitor thread successfully connected to server with description ServerDescription{address=ac-uzyody0-shard-00-02.gds4ian.mongodb.net:27017, type=REPLICA_SET_PRIMARY, state=CONNECTED, ok=true, minWireVersion=0, maxWireVersion=21, maxDocumentSize=16777216, logicalSessionTimeoutMinutes=30, roundTripTimeNanos=1062435000, setName='atlas-xucqeh-shard-0', canonicalAddress=ac-uzyody0-shard-00-02.gds4ian.mongodb.net:27017, hosts=[ac-uzyody0-shard-00-00.gds4ian.mongodb.net:27017, ac-uzyody0-shard-00-01.gds4ian.mongodb.net:27017, ac-uzyody0-shard-00-02.gds4ian.mongodb.net:27017], passives=[], arbiters=[], primary='ac-uzyody0-shard-00-02.gds4ian.mongodb.net:27017', tagSet=TagSet{[Tag{name='availabilityZone', value='use1-az6'}, Tag{name='diskState', value='READY'}, Tag{name='nodeType', value='ELECTABLE'}, Tag{name='provider', value='AWS'}, Tag{name='region', value='US_EAST_1'}, Tag{name='workloadType', value='OPERATIONAL'}]}, electionId=7fffffff0000000000000150, setVersion=13, topologyVersion=TopologyVersion{processId=661d018969e3483da7178605, counter=8}, lastWriteDate=Tue Apr 16 16:38:36 IST 2024, lastUpdateTimeNanos=146901649453700}
2024-04-16T16:38:37.088+05:30  INFO 13976 --- [ngodb.net:27017] org.mongodb.driver.cluster               : Discovered replica set primary ac-uzyody0-shard-00-02.gds4ian.mongodb.net:27017 with max election id 7fffffff0000000000000150 and max set version 13
2024-04-16T16:38:37.088+05:30  INFO 13976 --- [ngodb.net:27017] org.mongodb.driver.cluster               : Monitor thread successfully connected to server with description ServerDescription{address=ac-uzyody0-shard-00-00.gds4ian.mongodb.net:27017, type=REPLICA_SET_SECONDARY, state=CONNECTED, ok=true, minWireVersion=0, maxWireVersion=21, maxDocumentSize=16777216, logicalSessionTimeoutMinutes=30, roundTripTimeNanos=1072601100, setName='atlas-xucqeh-shard-0', canonicalAddress=ac-uzyody0-shard-00-00.gds4ian.mongodb.net:27017, hosts=[ac-uzyody0-shard-00-00.gds4ian.mongodb.net:27017, ac-uzyody0-shard-00-01.gds4ian.mongodb.net:27017, ac-uzyody0-shard-00-02.gds4ian.mongodb.net:27017], passives=[], arbiters=[], primary='ac-uzyody0-shard-00-02.gds4ian.mongodb.net:27017', tagSet=TagSet{[Tag{name='availabilityZone', value='use1-az2'}, Tag{name='diskState', value='READY'}, Tag{name='nodeType', value='ELECTABLE'}, Tag{name='provider', value='AWS'}, Tag{name='region', value='US_EAST_1'}, Tag{name='workloadType', value='OPERATIONAL'}]}, electionId=null, setVersion=13, topologyVersion=TopologyVersion{processId=661d7f0104637faf50dab067, counter=8}, lastWriteDate=Tue Apr 16 16:38:36 IST 2024, lastUpdateTimeNanos=146901649265900}
2024-04-16T16:38:37.607+05:30  INFO 13976 --- [           main] o.s.s.web.DefaultSecurityFilterChain     : Will secure any request with [org.springframework.security.web.session.DisableEncodeUrlFilter@4b4927e5, org.springframework.security.web.context.request.async.WebAsyncManagerIntegrationFilter@4c5da4f9, org.springframework.security.web.context.SecurityContextHolderFilter@50dc49e1, org.springframework.security.web.header.HeaderWriterFilter@6a6da47a, org.springframework.web.filter.CorsFilter@ff0e6d4, org.springframework.security.web.authentication.logout.LogoutFilter@3d512652, org.springframework.security.oauth2.client.web.OAuth2AuthorizationRequestRedirectFilter@3d4ecc67, org.springframework.security.oauth2.client.web.OAuth2LoginAuthenticationFilter@60dcf9ec, com.jwtexample.JwtToken.Security.JwtAuthenticationFilter@70d3cdbf, org.springframework.security.web.savedrequest.RequestCacheAwareFilter@3babcaed, org.springframework.security.web.servletapi.SecurityContextHolderAwareRequestFilter@49ced9c7, org.springframework.security.web.authentication.AnonymousAuthenticationFilter@72a7aa4f, org.springframework.security.web.session.SessionManagementFilter@7f642bf, org.springframework.security.web.access.ExceptionTranslationFilter@ad0bb4e, org.springframework.security.web.access.intercept.AuthorizationFilter@3c60c681]
2024-04-16T16:38:38.799+05:30  INFO 13976 --- [           main] c.j.JwtToken.JwtTokenApplicationTests    : Started JwtTokenApplicationTests in 9.193 seconds (process running for 12.835)
]]></system-out>
  </testcase>
</testsuite>